0 info it worked if it ends with ok
1 verbose cli [ '/usr/bin/nodejs',
1 verbose cli   '/usr/bin/npm',
1 verbose cli   'i',
1 verbose cli   'electron-packager',
1 verbose cli   '-g' ]
2 info using npm@1.4.21
3 info using node@v4.1.1
4 verbose cache add [ 'electron-packager', null ]
5 verbose cache add name=undefined spec="electron-packager" args=["electron-packager",null]
6 verbose parsed url Url {
6 verbose parsed url   protocol: null,
6 verbose parsed url   slashes: null,
6 verbose parsed url   auth: null,
6 verbose parsed url   host: null,
6 verbose parsed url   port: null,
6 verbose parsed url   hostname: null,
6 verbose parsed url   hash: null,
6 verbose parsed url   search: null,
6 verbose parsed url   query: null,
6 verbose parsed url   pathname: 'electron-packager',
6 verbose parsed url   path: 'electron-packager',
6 verbose parsed url   href: 'electron-packager' }
7 silly lockFile b8dcbebd-electron-packager electron-packager
8 verbose lock electron-packager /home/edhelas/.npm/b8dcbebd-electron-packager.lock
9 silly lockFile b8dcbebd-electron-packager electron-packager
10 silly lockFile b8dcbebd-electron-packager electron-packager
11 verbose addNamed [ 'electron-packager', '' ]
12 verbose addNamed [ null, '*' ]
13 silly lockFile b8e8cc56-electron-packager electron-packager@
14 verbose lock electron-packager@ /home/edhelas/.npm/b8e8cc56-electron-packager.lock
15 silly addNameRange { name: 'electron-packager', range: '*', hasData: false }
16 verbose request where is /electron-packager
17 verbose request registry https://registry.npmjs.org/
18 verbose request id 7705b5daa197e442
19 verbose url raw /electron-packager
20 verbose url resolving [ 'https://registry.npmjs.org/', './electron-packager' ]
21 verbose url resolved https://registry.npmjs.org/electron-packager
22 verbose request where is https://registry.npmjs.org/electron-packager
23 info trying registry request attempt 1 at 22:14:31
24 http GET https://registry.npmjs.org/electron-packager
25 http 200 https://registry.npmjs.org/electron-packager
26 silly registry.get cb [ 200,
26 silly registry.get   { server: 'CouchDB/1.5.0 (Erlang OTP/R16B03)',
26 silly registry.get     etag: '"2MGUDKZTP0BM65IQRLERSTRCF"',
26 silly registry.get     'content-type': 'application/json',
26 silly registry.get     'cache-control': 'max-age=60',
26 silly registry.get     'content-length': '32321',
26 silly registry.get     'accept-ranges': 'bytes',
26 silly registry.get     date: 'Sun, 18 Oct 2015 20:14:32 GMT',
26 silly registry.get     via: '1.1 varnish',
26 silly registry.get     age: '0',
26 silly registry.get     connection: 'close',
26 silly registry.get     'x-served-by': 'cache-ams4133-AMS',
26 silly registry.get     'x-cache': 'MISS',
26 silly registry.get     'x-cache-hits': '0',
26 silly registry.get     'x-timer': 'S1445199271.843636,VS0,VE184',
26 silly registry.get     vary: 'Accept' } ]
27 silly addNameRange number 2 { name: 'electron-packager', range: '*', hasData: true }
28 silly addNameRange versions [ 'electron-packager',
28 silly addNameRange   [ '3.0.0',
28 silly addNameRange     '3.1.0',
28 silly addNameRange     '3.2.0',
28 silly addNameRange     '3.3.0',
28 silly addNameRange     '3.4.0',
28 silly addNameRange     '4.0.0',
28 silly addNameRange     '4.0.1',
28 silly addNameRange     '4.0.2',
28 silly addNameRange     '4.0.3',
28 silly addNameRange     '4.1.0',
28 silly addNameRange     '4.1.1',
28 silly addNameRange     '4.1.2',
28 silly addNameRange     '4.1.3',
28 silly addNameRange     '4.2.0',
28 silly addNameRange     '5.0.0',
28 silly addNameRange     '5.0.1',
28 silly addNameRange     '5.0.2',
28 silly addNameRange     '5.1.0' ] ]
29 verbose addNamed [ 'electron-packager', '5.1.0' ]
30 verbose addNamed [ '5.1.0', '5.1.0' ]
31 silly lockFile 4758db48-electron-packager-5-1-0 electron-packager@5.1.0
32 verbose lock electron-packager@5.1.0 /home/edhelas/.npm/4758db48-electron-packager-5-1-0.lock
33 silly lockFile f0fcd6c8-ager-electron-packager-5-1-0-tgz https://registry.npmjs.org/electron-packager/-/electron-packager-5.1.0.tgz
34 verbose lock https://registry.npmjs.org/electron-packager/-/electron-packager-5.1.0.tgz /home/edhelas/.npm/f0fcd6c8-ager-electron-packager-5-1-0-tgz.lock
35 verbose addRemoteTarball [ 'https://registry.npmjs.org/electron-packager/-/electron-packager-5.1.0.tgz',
35 verbose addRemoteTarball   'c9a11b3af4e777053f015f585dc47edf2fec32c5' ]
36 info retry fetch attempt 1 at 22:14:32
37 verbose fetch to= /tmp/npm-19987-62LdFH9u/registry.npmjs.org/electron-packager/-/electron-packager-5.1.0.tgz
38 http GET https://registry.npmjs.org/electron-packager/-/electron-packager-5.1.0.tgz
39 http 200 https://registry.npmjs.org/electron-packager/-/electron-packager-5.1.0.tgz
40 silly lockFile f0fcd6c8-ager-electron-packager-5-1-0-tgz https://registry.npmjs.org/electron-packager/-/electron-packager-5.1.0.tgz
41 silly lockFile f0fcd6c8-ager-electron-packager-5-1-0-tgz https://registry.npmjs.org/electron-packager/-/electron-packager-5.1.0.tgz
42 silly lockFile 4758db48-electron-packager-5-1-0 electron-packager@5.1.0
43 silly lockFile 4758db48-electron-packager-5-1-0 electron-packager@5.1.0
44 silly lockFile b8e8cc56-electron-packager electron-packager@
45 silly lockFile b8e8cc56-electron-packager electron-packager@
46 silly resolved [ { name: 'electron-packager',
46 silly resolved     version: '5.1.0',
46 silly resolved     description: 'package your electron app in OS executables (.app, .exe, etc) via JS or CLI',
46 silly resolved     main: 'index.js',
46 silly resolved     bin: { 'electron-packager': 'cli.js' },
46 silly resolved     repository:
46 silly resolved      { type: 'git',
46 silly resolved        url: 'git+https://github.com/maxogden/electron-packager.git' },
46 silly resolved     author: { name: 'max ogden' },
46 silly resolved     license: 'BSD-2-Clause',
46 silly resolved     bugs: { url: 'https://github.com/maxogden/electron-packager/issues' },
46 silly resolved     homepage: 'https://github.com/maxogden/electron-packager',
46 silly resolved     dependencies:
46 silly resolved      { asar: '^0.6.1',
46 silly resolved        'electron-download': '^1.0.0',
46 silly resolved        'extract-zip': '^1.0.3',
46 silly resolved        minimist: '^1.1.1',
46 silly resolved        mkdirp: '^0.5.0',
46 silly resolved        mv: '^2.0.3',
46 silly resolved        ncp: '^2.0.0',
46 silly resolved        plist: '^1.1.0',
46 silly resolved        rcedit: '^0.3.0',
46 silly resolved        rimraf: '^2.3.2',
46 silly resolved        'run-series': '^1.1.1' },
46 silly resolved     devDependencies: { 'run-waterfall': '^1.1.1', standard: '^3.3.2', tape: '^4.0.0' },
46 silly resolved     scripts: { test: 'standard && tape test' },
46 silly resolved     standard: { ignore: [Object] },
46 silly resolved     gitHead: '0af8ece391f71d0e4e57359b6c287ca4ea09d500',
46 silly resolved     _id: 'electron-packager@5.1.0',
46 silly resolved     _shasum: 'c9a11b3af4e777053f015f585dc47edf2fec32c5',
46 silly resolved     _from: 'electron-packager@',
46 silly resolved     _npmVersion: '2.11.3',
46 silly resolved     _nodeVersion: '0.12.7',
46 silly resolved     _npmUser: { name: 'maxogden', email: 'max@maxogden.com' },
46 silly resolved     dist:
46 silly resolved      { shasum: 'c9a11b3af4e777053f015f585dc47edf2fec32c5',
46 silly resolved        tarball: 'http://registry.npmjs.org/electron-packager/-/electron-packager-5.1.0.tgz' },
46 silly resolved     maintainers: [ [Object], [Object], [Object], [Object], [Object] ],
46 silly resolved     directories: {},
46 silly resolved     _resolved: 'https://registry.npmjs.org/electron-packager/-/electron-packager-5.1.0.tgz' } ]
47 info install electron-packager@5.1.0 into /usr/local/lib
48 info installOne electron-packager@5.1.0
49 verbose lib/node_modules/electron-packager unbuild
50 verbose tar unpack /home/edhelas/.npm/electron-packager/5.1.0/package.tgz
51 silly lockFile 5d82f7f7-b-node-modules-electron-packager tar:///usr/local/lib/node_modules/electron-packager
52 verbose lock tar:///usr/local/lib/node_modules/electron-packager /home/edhelas/.npm/5d82f7f7-b-node-modules-electron-packager.lock
53 silly lockFile 12e7d463-ctron-packager-5-1-0-package-tgz tar:///home/edhelas/.npm/electron-packager/5.1.0/package.tgz
54 verbose lock tar:///home/edhelas/.npm/electron-packager/5.1.0/package.tgz /home/edhelas/.npm/12e7d463-ctron-packager-5-1-0-package-tgz.lock
55 silly gunzTarPerm modes [ '755', '644' ]
56 error tar.unpack untar error /home/edhelas/.npm/electron-packager/5.1.0/package.tgz
57 silly lockFile 5d82f7f7-b-node-modules-electron-packager tar:///usr/local/lib/node_modules/electron-packager
58 silly lockFile 5d82f7f7-b-node-modules-electron-packager tar:///usr/local/lib/node_modules/electron-packager
59 silly lockFile 12e7d463-ctron-packager-5-1-0-package-tgz tar:///home/edhelas/.npm/electron-packager/5.1.0/package.tgz
60 silly lockFile 12e7d463-ctron-packager-5-1-0-package-tgz tar:///home/edhelas/.npm/electron-packager/5.1.0/package.tgz
61 verbose lib/node_modules/electron-packager unbuild
62 error Error: EACCES: permission denied, mkdir '/usr/local/lib/node_modules/electron-packager'
62 error     at Error (native)
62 error  { [Error: EACCES: permission denied, mkdir '/usr/local/lib/node_modules/electron-packager']
62 error   errno: -13,
62 error   code: 'EACCES',
62 error   syscall: 'mkdir',
62 error   path: '/usr/local/lib/node_modules/electron-packager',
62 error   fstream_type: 'Directory',
62 error   fstream_path: '/usr/local/lib/node_modules/electron-packager',
62 error   fstream_class: 'DirWriter',
62 error   fstream_stack:
62 error    [ '/usr/lib/nodejs/fstream/lib/dir-writer.js:36:23',
62 error      '/usr/lib/nodejs/mkdirp/index.js:46:53',
62 error      'FSReqWrap.oncomplete (fs.js:82:15)' ] }
63 error Please try running this command again as root/Administrator.
64 error System Linux 4.1.0-2-amd64
65 error command "/usr/bin/nodejs" "/usr/bin/npm" "i" "electron-packager" "-g"
66 error cwd /home/edhelas/Logiciels/movim_electron
67 error node -v v4.1.1
68 error npm -v 1.4.21
69 error path /usr/local/lib/node_modules/electron-packager
70 error syscall mkdir
71 error fstream_path /usr/local/lib/node_modules/electron-packager
72 error fstream_type Directory
73 error fstream_class DirWriter
74 error code EACCES
75 error errno -13
76 error stack Error: EACCES: permission denied, mkdir '/usr/local/lib/node_modules/electron-packager'
76 error stack     at Error (native)
77 error fstream_stack /usr/lib/nodejs/fstream/lib/dir-writer.js:36:23
77 error fstream_stack /usr/lib/nodejs/mkdirp/index.js:46:53
77 error fstream_stack FSReqWrap.oncomplete (fs.js:82:15)
78 verbose exit [ -13, true ]
